Release 13.4 - xst O.87xd (nt)
Copyright (c) 1995-2011 Xilinx, Inc.  All rights reserved.
--> Parameter TMPDIR set to xst/projnav.tmp


Total REAL time to Xst completion: 0.00 secs
Total CPU time to Xst completion: 0.52 secs
 
--> Parameter xsthdpdir set to xst


Total REAL time to Xst completion: 0.00 secs
Total CPU time to Xst completion: 0.53 secs
 
--> Reading design: S64v4.prj

TABLE OF CONTENTS
  1) Synthesis Options Summary
  2) HDL Compilation
  3) Design Hierarchy Analysis
  4) HDL Analysis
  5) HDL Synthesis
     5.1) HDL Synthesis Report
  6) Advanced HDL Synthesis
     6.1) Advanced HDL Synthesis Report
  7) Low Level Synthesis
  8) Partition Report
  9) Final Report

=========================================================================
*                      Synthesis Options Summary                        *
=========================================================================
---- Source Parameters
Input File Name                    : "S64v4.prj"
Input Format                       : mixed
Ignore Synthesis Constraint File   : NO

---- Target Parameters
Output File Name                   : "S64v4"
Output Format                      : NGC
Target Device                      : CoolRunner2 CPLDs

---- Source Options
Top Module Name                    : S64v4
Automatic FSM Extraction           : YES
FSM Encoding Algorithm             : Compact
Safe Implementation                : Yes
Mux Extraction                     : Yes
Resource Sharing                   : YES

---- Target Options
Add IO Buffers                     : YES
MACRO Preserve                     : YES
XOR Preserve                       : YES
Equivalent register Removal        : YES

---- General Options
Optimization Goal                  : Area
Optimization Effort                : 2
Keep Hierarchy                     : Yes
Netlist Hierarchy                  : As_Optimized
RTL Output                         : Yes
Hierarchy Separator                : /
Bus Delimiter                      : <>
Case Specifier                     : Maintain
Verilog 2001                       : YES

---- Other Options
Clock Enable                       : YES
wysiwyg                            : NO

=========================================================================

Setting FSM Encoding Algorithm to : OPT


=========================================================================
*                          HDL Compilation                              *
=========================================================================
Compiling vhdl file "E:/0/S64v4/S64v4.vhd" in Library work.
Entity <s64v4> compiled.
Entity <s64v4> (Architecture <arc_s64v4>) compiled.

=========================================================================
*                     Design Hierarchy Analysis                         *
=========================================================================
Analyzing hierarchy for entity <S64v4> in library <work> (architecture <arc_s64v4>) with generics.
	CPUBits = 8


=========================================================================
*                            HDL Analysis                               *
=========================================================================
Analyzing generic Entity <S64v4> in library <work> (Architecture <arc_s64v4>).
	CPUBits = 8
Entity <S64v4> analyzed. Unit <S64v4> generated.


=========================================================================
*                           HDL Synthesis                               *
=========================================================================

Performing bidirectional port resolution...

Synthesizing Unit <S64v4>.
    Related source file is "E:/0/S64v4/S64v4.vhd".
    Found finite state machine <FSM_0> for signal <CurrentState>.
    -----------------------------------------------------------------------
    | States             | 4                                              |
    | Transitions        | 7                                              |
    | Inputs             | 3                                              |
    | Outputs            | 4                                              |
    | Clock              | Clk                       (rising_edge)        |
    | Clock enable       | CECPU                     (positive)           |
    | Reset              | Res                       (positive)           |
    | Reset type         | asynchronous                                   |
    | Reset State        | aluandnop                                      |
    | Power Up State     | cmdread                                        |
    | Recovery State     | aluandnop                                      |
    | Encoding           | compact                                        |
    | Implementation     | automatic                                      |
    -----------------------------------------------------------------------
    Found 8-bit tristate buffer for signal <Data>.
    Found 8-bit register for signal <Acc>.
    Found 1-bit register for signal <Acc_En_Buf>.
    Found 1-bit register for signal <Acc_Mode0_Buf>.
    Found 1-bit register for signal <Acc_Mode1_Buf>.
    Found 8-bit register for signal <Addr>.
    Found 1-bit register for signal <Carry>.
    Found 1-bit register for signal <CE0>.
    Found 1-bit register for signal <CECPU>.
    Found 9-bit adder for signal <ExtendedALU$add0000> created at line 246.
    Found 9-bit subtractor for signal <ExtendedALU$sub0000> created at line 251.
    Found 8-bit register for signal <InputBuffer>.
    Found 1-bit register for signal <Int_DRE>.
    Found 1-bit register for signal <Int_DWE>.
    Found 1-bit register for signal <Int_IRE>.
    Found 8-bit up accumulator for signal <PC>.
    Summary:
	inferred   1 Finite State Machine(s).
	inferred   1 Accumulator(s).
	inferred   9 D-type flip-flop(s).
	inferred   2 Adder/Subtractor(s).
	inferred   8 Tristate(s).
Unit <S64v4> synthesized.


=========================================================================
HDL Synthesis Report

Macro Statistics
# Adders/Subtractors                                   : 2
 9-bit adder                                           : 1
 9-bit subtractor                                      : 1
# Accumulators                                         : 1
 8-bit up accumulator                                  : 1
# Registers                                            : 12
 1-bit register                                        : 9
 8-bit register                                        : 3
# Tristates                                            : 1
 8-bit tristate buffer                                 : 1

=========================================================================

=========================================================================
*                       Advanced HDL Synthesis                          *
=========================================================================

Optimizing FSM <CurrentState/FSM> on signal <CurrentState[1:2]> with compact encoding.
-----------------------
 State     | Encoding
-----------------------
 cmdread   | 10
 cmddecode | 01
 datarw    | 11
 aluandnop | 00
-----------------------

=========================================================================
Advanced HDL Synthesis Report

Macro Statistics
# FSMs                                                 : 1
# Accumulators                                         : 1
 8-bit up accumulator                                  : 1
# Registers                                            : 9
 Flip-Flops                                            : 9

=========================================================================

=========================================================================
*                         Low Level Synthesis                           *
=========================================================================

Optimizing unit <S64v4> ...
  implementation constraint: INIT=s	 : CurrentState_FSM_FFd1
  implementation constraint: INIT=r	 : CurrentState_FSM_FFd2

=========================================================================
*                           Partition Report                            *
=========================================================================

Partition Implementation Status
-------------------------------

  No Partitions were found in this design.

-------------------------------

=========================================================================
*                            Final Report                               *
=========================================================================
Final Results
RTL Top Level Output File Name     : S64v4.ngr
Top Level Output File Name         : S64v4
Output Format                      : NGC
Optimization Goal                  : Area
Keep Hierarchy                     : Yes
Target Technology                  : CoolRunner2 CPLDs
Macro Preserve                     : YES
XOR Preserve                       : YES
Clock Enable                       : YES
wysiwyg                            : NO

Design Statistics
# IOs                              : 22

Cell Usage :
# BELS                             : 508
#      AND2                        : 182
#      AND3                        : 25
#      INV                         : 165
#      OR2                         : 128
#      XOR2                        : 8
# FlipFlops/Latches                : 43
#      FDC                         : 2
#      FDCE                        : 41
# IO Buffers                       : 22
#      IBUF                        : 3
#      IOBUFE                      : 8
#      OBUF                        : 11
=========================================================================


Total REAL time to Xst completion: 27.00 secs
Total CPU time to Xst completion: 26.98 secs
 
--> 

Total memory usage is 144052 kilobytes

Number of errors   :    0 (   0 filtered)
Number of warnings :    0 (   0 filtered)
Number of infos    :    0 (   0 filtered)

